-------------------------------------------------------------------------------
Test set: CreateOrderTest
-------------------------------------------------------------------------------
Tests run: 3, Failures: 1, Errors: 0, Skipped: 0, Time elapsed: 3.987 s <<< FAILURE! - in CreateOrderTest
newOrderWithIngredientsUserNotAuthorizationTest(CreateOrderTest)  Time elapsed: 0.674 s  <<< FAILURE!
java.lang.AssertionError: expected:<401> but was:<200>
	at CreateOrderTest.newOrderWithIngredientsUserNotAuthorizationTest(CreateOrderTest.java:57)

